c:\users\thaumatichthys\source\repos\bpsk\bpsk\x64\debug\vc143.pdb
c:\users\thaumatichthys\source\repos\bpsk\bpsk\x64\debug\vc143.idb
c:\users\thaumatichthys\source\repos\bpsk\bpsk\x64\debug\squaringloop.obj
c:\users\thaumatichthys\source\repos\bpsk\bpsk\x64\debug\pll.obj
c:\users\thaumatichthys\source\repos\bpsk\bpsk\x64\debug\iirfilter.obj
c:\users\thaumatichthys\source\repos\bpsk\bpsk\x64\debug\bpsk.obj
c:\users\thaumatichthys\source\repos\bpsk\bpsk\x64\debug\bpsk.ilk
c:\users\thaumatichthys\source\repos\bpsk\x64\debug\bpsk.pdb
c:\users\thaumatichthys\source\repos\bpsk\bpsk\x64\debug\bpsk.tlog\cl.command.1.tlog
c:\users\thaumatichthys\source\repos\bpsk\bpsk\x64\debug\bpsk.tlog\cl.items.tlog
c:\users\thaumatichthys\source\repos\bpsk\bpsk\x64\debug\bpsk.tlog\cl.read.1.tlog
c:\users\thaumatichthys\source\repos\bpsk\bpsk\x64\debug\bpsk.tlog\cl.write.1.tlog
c:\users\thaumatichthys\source\repos\bpsk\bpsk\x64\debug\bpsk.tlog\link.26344-cvtres.read.1.tlog
c:\users\thaumatichthys\source\repos\bpsk\bpsk\x64\debug\bpsk.tlog\link.26344-cvtres.write.1.tlog
c:\users\thaumatichthys\source\repos\bpsk\bpsk\x64\debug\bpsk.tlog\link.26344-rc.read.1.tlog
c:\users\thaumatichthys\source\repos\bpsk\bpsk\x64\debug\bpsk.tlog\link.26344-rc.write.1.tlog
c:\users\thaumatichthys\source\repos\bpsk\bpsk\x64\debug\bpsk.tlog\link.26344.read.1.tlog
c:\users\thaumatichthys\source\repos\bpsk\bpsk\x64\debug\bpsk.tlog\link.26344.read.2.tlog
c:\users\thaumatichthys\source\repos\bpsk\bpsk\x64\debug\bpsk.tlog\link.26344.write.1.tlog
c:\users\thaumatichthys\source\repos\bpsk\bpsk\x64\debug\bpsk.tlog\link.command.1.tlog
c:\users\thaumatichthys\source\repos\bpsk\bpsk\x64\debug\bpsk.tlog\link.read.1.tlog
c:\users\thaumatichthys\source\repos\bpsk\bpsk\x64\debug\bpsk.tlog\link.secondary.1.tlog
c:\users\thaumatichthys\source\repos\bpsk\bpsk\x64\debug\bpsk.tlog\link.write.1.tlog
